mode: set
automationrecorder/async.go:24.117,25.20 1 1
automationrecorder/async.go:25.20,27.3 1 1
automationrecorder/async.go:28.2,28.22 1 1
automationrecorder/async.go:28.22,30.3 1 1
automationrecorder/async.go:31.2,31.20 1 1
automationrecorder/async.go:31.20,33.3 1 0
automationrecorder/async.go:34.2,34.139 1 1
automationrecorder/async.go:37.35,38.24 1 1
automationrecorder/async.go:38.24,39.38 1 1
automationrecorder/async.go:39.38,40.14 1 1
automationrecorder/async.go:40.14,41.27 1 1
automationrecorder/async.go:41.27,48.20 7 1
automationrecorder/async.go:48.20,50.7 1 1
automationrecorder/async.go:50.12,52.7 1 1
automationrecorder/async.go:59.101,60.14 1 1
automationrecorder/async.go:60.14,62.3 1 1
automationrecorder/async.go:63.2,65.9 3 1
automationrecorder/async.go:66.19,68.9 2 1
automationrecorder/async.go:69.10,70.24 1 1
automationrecorder/async.go:70.24,73.4 2 1
automationrecorder/async.go:74.3,76.64 3 1
automationrecorder/cache.go:20.71,24.48 4 1
automationrecorder/cache.go:24.48,26.3 1 1
automationrecorder/cache.go:27.2,27.45 1 1
automationrecorder/cache.go:41.138,44.53 3 1
automationrecorder/cache.go:44.53,45.18 1 1
automationrecorder/cache.go:45.18,47.4 1 0
automationrecorder/cache.go:48.3,48.50 1 1
automationrecorder/cache.go:48.50,50.18 2 1
automationrecorder/cache.go:50.18,51.34 1 1
automationrecorder/cache.go:51.34,54.6 2 1
automationrecorder/cache.go:55.5,56.15 2 0
automationrecorder/cache.go:59.4,61.60 3 1
automationrecorder/cache.go:61.60,64.5 2 0
automationrecorder/cache.go:65.4,65.18 1 1
automationrecorder/cache.go:65.18,67.5 1 0
automationrecorder/cache.go:72.4,77.23 4 1
automationrecorder/cache.go:77.23,79.42 2 1
automationrecorder/cache.go:80.16,81.27 1 1
automationrecorder/cache.go:81.27,82.35 1 1
automationrecorder/cache.go:82.35,84.8 1 1
automationrecorder/cache.go:86.19,87.35 1 0
automationrecorder/cache.go:89.5,90.30 2 1
automationrecorder/cache.go:90.30,91.24 1 1
automationrecorder/cache.go:91.24,93.12 2 1
automationrecorder/cache.go:96.5,96.14 1 1
automationrecorder/cache.go:96.14,98.6 1 1
automationrecorder/cache.go:100.5,101.30 2 1
automationrecorder/cache.go:101.30,103.6 1 1
automationrecorder/cache.go:104.5,104.28 1 1
automationrecorder/cache.go:107.4,108.29 2 1
automationrecorder/cache.go:108.29,110.5 1 0
automationrecorder/cache.go:112.4,121.22 2 1
automationrecorder/cache.go:121.22,123.5 1 1
automationrecorder/cache.go:124.4,128.18 4 1
automationrecorder/cache.go:128.18,130.5 1 0
automationrecorder/cache.go:132.4,133.20 2 1
automationrecorder/cache.go:133.20,135.5 1 1
automationrecorder/cache.go:135.10,137.5 1 1
automationrecorder/cache.go:138.4,139.14 2 1
automationrecorder/cache.go:142.3,142.17 1 1
automationrecorder/cache.go:142.17,144.4 1 1
automationrecorder/cache.go:145.3,145.34 1 1
automationrecorder/cache.go:145.34,147.4 1 1
automationrecorder/cache.go:149.3,149.40 1 0
automationrecorder/cache.go:149.40,150.12 1 0
automationrecorder/cache.go:153.3,154.9 2 0
automationrecorder/cache.go:154.9,156.4 1 0
automationrecorder/cache.go:157.3,157.13 1 0
automationrecorder/cache.go:159.2,159.19 1 0
automationrecorder/cache.go:162.75,165.48 3 1
automationrecorder/cache.go:165.48,167.3 1 0
automationrecorder/cache.go:169.2,169.62 1 1
automationrecorder/cache.go:172.143,173.16 1 1
automationrecorder/cache.go:173.16,175.3 1 0
automationrecorder/cache.go:176.2,177.15 2 1
automationrecorder/cache.go:177.15,179.3 1 0
automationrecorder/cache.go:180.2,181.16 2 1
automationrecorder/cache.go:181.16,183.3 1 0
automationrecorder/cache.go:184.2,184.17 1 1
automationrecorder/cache.go:184.17,186.3 1 1
automationrecorder/cache.go:187.2,188.16 2 1
automationrecorder/cache.go:188.16,190.3 1 0
automationrecorder/cache.go:191.2,191.48 1 1
automationrecorder/cache.go:194.101,195.48 1 1
automationrecorder/cache.go:195.48,197.3 1 0
automationrecorder/cache.go:198.2,199.16 2 1
automationrecorder/cache.go:199.16,200.32 1 1
automationrecorder/cache.go:200.32,202.4 1 1
automationrecorder/cache.go:203.3,203.18 1 0
automationrecorder/cache.go:205.2,206.58 2 1
automationrecorder/cache.go:206.58,208.3 1 1
automationrecorder/cache.go:209.2,209.17 1 1
automationrecorder/config.go:44.35,46.40 1 1
automationrecorder/config.go:46.40,49.3 1 0
automationrecorder/config.go:49.8,51.3 1 1
automationrecorder/config.go:53.2,54.22 2 1
automationrecorder/config.go:54.22,56.3 1 1
automationrecorder/config.go:58.2,59.26 2 1
automationrecorder/config.go:59.26,61.3 1 1
automationrecorder/config.go:63.2,64.21 2 1
automationrecorder/config.go:64.21,66.3 1 1
automationrecorder/config.go:67.2,67.21 1 1
automationrecorder/config.go:67.21,69.3 1 1
automationrecorder/config.go:71.2,83.30 10 1
automationrecorder/config.go:83.30,85.3 1 1
automationrecorder/config.go:86.2,89.19 3 1
automationrecorder/config.go:89.19,91.3 1 1
automationrecorder/config.go:93.2,94.34 2 1
automationrecorder/config.go:94.34,96.3 1 0
automationrecorder/config.go:97.2,98.36 2 1
automationrecorder/config.go:98.36,100.3 1 0
automationrecorder/config.go:102.2,128.17 23 1
automationrecorder/config.go:131.48,135.20 4 0
automationrecorder/config.go:135.20,137.3 1 0
automationrecorder/config.go:138.2,138.79 1 0
automationrecorder/grpc_audit.go:26.138,27.15 1 1
automationrecorder/grpc_audit.go:27.15,28.31 1 1
automationrecorder/grpc_audit.go:28.31,31.4 2 1
automationrecorder/grpc_audit.go:33.2,33.26 1 1
automationrecorder/grpc_audit.go:70.107,73.15 2 1
automationrecorder/grpc_audit.go:73.15,76.3 2 0
automationrecorder/grpc_audit.go:77.2,78.59 2 1
automationrecorder/grpc_audit.go:78.59,81.3 2 1
automationrecorder/grpc_audit.go:82.2,82.32 1 1
automationrecorder/grpc_audit.go:82.32,85.3 2 0
automationrecorder/grpc_audit.go:86.2,86.33 1 1
automationrecorder/grpc_audit.go:86.33,89.3 2 0
automationrecorder/grpc_audit.go:90.2,90.35 1 1
automationrecorder/grpc_audit.go:90.35,92.3 1 0
automationrecorder/grpc_audit.go:94.2,96.16 3 1
automationrecorder/grpc_audit.go:96.16,99.3 2 0
automationrecorder/grpc_audit.go:100.2,101.29 2 1
automationrecorder/grpc_audit.go:101.29,103.3 1 0
automationrecorder/grpc_audit.go:104.2,104.26 1 1
automationrecorder/grpc_audit.go:104.26,106.3 1 0
automationrecorder/grpc_audit.go:107.2,107.31 1 1
automationrecorder/grpc_audit.go:107.31,109.3 1 1
automationrecorder/grpc_audit.go:111.2,112.15 2 1
automationrecorder/grpc_audit.go:112.15,114.3 1 0
automationrecorder/grpc_audit.go:116.2,117.30 2 1
automationrecorder/grpc_audit.go:117.30,119.3 1 0
automationrecorder/grpc_audit.go:120.2,120.30 1 1
automationrecorder/grpc_audit.go:120.30,122.3 1 0
automationrecorder/grpc_audit.go:124.2,124.28 1 1
automationrecorder/grpc_audit.go:124.28,136.85 3 1
automationrecorder/grpc_audit.go:136.85,138.35 2 1
automationrecorder/grpc_audit.go:138.35,140.5 1 1
automationrecorder/grpc_audit.go:141.4,141.34 1 0
automationrecorder/grpc_audit.go:141.34,143.5 1 0
automationrecorder/grpc_audit.go:144.4,144.67 1 0
automationrecorder/grpc_audit.go:148.3,148.131 1 1
automationrecorder/grpc_audit.go:148.131,150.4 1 0
automationrecorder/grpc_audit.go:152.3,152.54 1 1
automationrecorder/grpc_audit.go:153.8,155.3 1 0
automationrecorder/grpc_audit.go:158.2,159.23 2 1
automationrecorder/grpc_audit.go:159.23,161.71 2 0
automationrecorder/grpc_audit.go:161.71,163.4 1 0
automationrecorder/grpc_audit.go:164.8,166.3 1 1
automationrecorder/grpc_audit.go:167.2,167.23 1 1
automationrecorder/grpc_audit.go:167.23,169.71 2 0
automationrecorder/grpc_audit.go:169.71,171.4 1 0
automationrecorder/grpc_audit.go:172.8,174.3 1 1
automationrecorder/grpc_audit.go:176.2,177.30 2 1
automationrecorder/grpc_audit.go:180.68,187.132 1 1
automationrecorder/grpc_audit.go:187.132,189.36 2 1
automationrecorder/grpc_audit.go:189.36,191.7 1 0
automationrecorder/grpc_audit.go:192.6,192.28 1 1
automationrecorder/grpc_audit.go:192.28,194.7 1 1
automationrecorder/grpc_audit.go:195.6,196.65 2 0
automationrecorder/grpc_audit.go:196.65,198.7 1 0
automationrecorder/grpc_audit.go:199.6,199.48 1 0
automationrecorder/grpc_audit.go:208.58,227.61 16 1
automationrecorder/grpc_audit.go:227.61,229.3 1 1
automationrecorder/grpc_audit.go:231.2,231.48 1 1
automationrecorder/grpc_audit.go:231.48,233.3 1 1
automationrecorder/grpc_audit.go:234.2,234.48 1 1
automationrecorder/grpc_audit.go:234.48,236.3 1 1
automationrecorder/grpc_audit.go:237.2,237.41 1 1
automationrecorder/grpc_audit.go:237.41,239.3 1 1
automationrecorder/grpc_audit.go:240.2,240.44 1 1
automationrecorder/grpc_audit.go:240.44,242.3 1 1
automationrecorder/grpc_audit.go:243.2,243.42 1 1
automationrecorder/grpc_audit.go:243.42,245.3 1 1
automationrecorder/grpc_audit.go:247.2,247.17 1 1
automationrecorder/http_form.go:19.51,24.2 4 1
automationrecorder/http_form.go:27.64,28.54 1 1
automationrecorder/http_form.go:28.54,44.28 10 1
automationrecorder/http_form.go:44.28,46.4 1 1
automationrecorder/http_form.go:47.3,47.10 1 1
automationrecorder/http_form.go:56.57,59.2 2 1
automationrecorder/http_form.go:61.72,66.33 3 1
automationrecorder/http_form.go:66.33,70.3 3 1
automationrecorder/http_form.go:72.2,75.65 4 1
automationrecorder/http_form.go:75.65,79.3 3 1
automationrecorder/http_form.go:81.2,87.26 6 1
automationrecorder/http_form.go:87.26,91.3 3 1
automationrecorder/http_form.go:93.2,99.43 4 1
automationrecorder/http_form.go:99.43,101.3 1 1
automationrecorder/http_form.go:103.2,106.146 3 1
automationrecorder/http_form.go:106.146,111.3 3 1
automationrecorder/http_form.go:113.2,115.55 3 1
automationrecorder/http_form.go:118.159,120.15 2 1
automationrecorder/http_form.go:120.15,122.3 1 1
automationrecorder/http_form.go:123.2,123.16 1 1
automationrecorder/http_form.go:123.16,125.3 1 0
automationrecorder/http_form.go:127.2,128.53 2 1
automationrecorder/http_form.go:128.53,129.50 1 1
automationrecorder/http_form.go:129.50,131.18 2 1
automationrecorder/http_form.go:131.18,132.34 1 1
automationrecorder/http_form.go:132.34,134.6 1 1
automationrecorder/http_form.go:135.5,135.15 1 0
automationrecorder/http_form.go:138.4,141.60 3 1
automationrecorder/http_form.go:141.60,143.5 1 0
automationrecorder/http_form.go:144.4,144.18 1 1
automationrecorder/http_form.go:144.18,146.5 1 0
automationrecorder/http_form.go:148.4,149.29 2 1
automationrecorder/http_form.go:149.29,151.5 1 0
automationrecorder/http_form.go:153.4,159.45 2 1
automationrecorder/http_form.go:159.45,161.5 1 1
automationrecorder/http_form.go:162.4,162.21 1 1
automationrecorder/http_form.go:162.21,164.5 1 1
automationrecorder/http_form.go:166.4,170.18 4 1
automationrecorder/http_form.go:170.18,172.5 1 0
automationrecorder/http_form.go:174.4,175.15 2 1
automationrecorder/http_form.go:175.15,177.5 1 1
automationrecorder/http_form.go:177.10,180.5 1 1
automationrecorder/http_form.go:181.4,182.14 2 1
automationrecorder/http_form.go:185.3,185.17 1 1
automationrecorder/http_form.go:185.17,187.4 1 1
automationrecorder/http_form.go:188.3,188.34 1 1
automationrecorder/http_form.go:188.34,190.4 1 1
automationrecorder/http_form.go:191.3,191.40 1 0
automationrecorder/http_form.go:191.40,192.12 1 0
automationrecorder/http_form.go:194.3,194.13 1 0
automationrecorder/http_form.go:196.2,196.19 1 0
automationrecorder/http_form.go:200.30,202.2 1 1
automationrecorder/main.go:15.13,18.16 3 0
automationrecorder/main.go:18.16,21.3 2 0
automationrecorder/main.go:23.2,24.44 2 0
automationrecorder/main.go:24.44,27.3 2 0
automationrecorder/main.go:30.2,30.30 1 0
automationrecorder/main.go:30.30,31.13 1 0
automationrecorder/main.go:31.13,33.83 2 0
automationrecorder/main.go:33.83,36.5 2 0
automationrecorder/main.go:40.2,41.16 2 0
automationrecorder/main.go:41.16,44.3 2 0
automationrecorder/main.go:46.2,64.39 6 0
automationrecorder/main.go:64.39,67.3 2 0
automationrecorder/side_effects.go:18.138,20.40 2 0
automationrecorder/side_effects.go:20.40,23.3 2 0
automationrecorder/side_effects.go:24.2,24.59 1 0
automationrecorder/side_effects.go:24.59,27.3 2 0
automationrecorder/side_effects.go:28.2,28.19 1 0
automationrecorder/side_effects.go:28.19,30.3 1 0
automationrecorder/side_effects.go:31.2,34.16 3 0
automationrecorder/side_effects.go:34.16,36.3 1 0
automationrecorder/side_effects.go:38.2,49.147 3 0
automationrecorder/side_effects.go:49.147,52.3 2 0
automationrecorder/side_effects.go:53.2,57.178 3 0
automationrecorder/side_effects.go:57.178,60.3 2 0
automationrecorder/side_effects.go:61.2,62.12 2 0
automationrecorder/side_effects.go:65.191,67.44 2 1
automationrecorder/side_effects.go:67.44,70.3 2 0
automationrecorder/side_effects.go:71.2,71.59 1 1
automationrecorder/side_effects.go:71.59,74.3 2 0
automationrecorder/side_effects.go:75.2,75.19 1 1
automationrecorder/side_effects.go:75.19,77.3 1 0
automationrecorder/side_effects.go:78.2,83.16 4 1
automationrecorder/side_effects.go:83.16,86.3 2 0
automationrecorder/side_effects.go:87.2,87.16 1 1
automationrecorder/side_effects.go:87.16,90.3 2 0
automationrecorder/side_effects.go:91.2,97.21 5 1
automationrecorder/side_effects.go:97.21,100.3 1 1
automationrecorder/side_effects.go:103.2,104.16 2 1
automationrecorder/side_effects.go:104.16,106.3 1 0
automationrecorder/side_effects.go:107.2,108.16 2 1
automationrecorder/side_effects.go:108.16,110.3 1 0
automationrecorder/side_effects.go:111.2,111.13 1 1
automationrecorder/side_effects.go:111.13,113.17 2 1
automationrecorder/side_effects.go:113.17,115.4 1 0
automationrecorder/side_effects.go:116.3,118.39 3 1
automationrecorder/side_effects.go:118.39,120.4 1 0
automationrecorder/side_effects.go:121.3,130.98 2 1
automationrecorder/side_effects.go:130.98,132.4 1 0
automationrecorder/side_effects.go:136.2,137.16 2 1
automationrecorder/side_effects.go:137.16,139.3 1 0
automationrecorder/side_effects.go:141.2,143.21 3 1
automationrecorder/side_effects.go:143.21,145.3 1 0
automationrecorder/side_effects.go:148.2,149.27 2 1
automationrecorder/side_effects.go:149.27,150.47 1 1
automationrecorder/side_effects.go:150.47,152.4 1 0
automationrecorder/side_effects.go:152.9,152.55 1 1
automationrecorder/side_effects.go:152.55,154.4 1 1
automationrecorder/side_effects.go:154.9,154.60 1 0
automationrecorder/side_effects.go:154.60,156.4 1 0
automationrecorder/side_effects.go:159.2,176.82 2 1
automationrecorder/side_effects.go:179.70,181.19 2 1
automationrecorder/side_effects.go:181.19,183.3 1 1
automationrecorder/side_effects.go:184.2,184.31 1 1
automationrecorder/side_effects.go:187.106,189.16 2 1
automationrecorder/side_effects.go:189.16,191.3 1 0
automationrecorder/side_effects.go:192.2,192.37 1 1
automationrecorder/side_effects.go:192.37,194.3 1 1
automationrecorder/side_effects.go:195.2,196.16 2 1
automationrecorder/side_effects.go:196.16,198.3 1 0
automationrecorder/side_effects.go:199.2,200.53 2 1
automationrecorder/side_effects.go:200.53,203.3 2 0
automationrecorder/side_effects.go:204.2,205.62 2 1
automationrecorder/side_effects.go:205.62,207.3 1 0
automationrecorder/side_effects.go:208.2,208.23 1 1
automationrecorder/side_effects.go:209.12,210.16 1 1
automationrecorder/side_effects.go:211.22,212.40 1 0
automationrecorder/side_effects.go:212.40,214.4 1 0
automationrecorder/side_effects.go:216.2,216.19 1 0
automationrecorder/side_effects.go:219.113,221.16 2 0
automationrecorder/side_effects.go:221.16,223.3 1 0
automationrecorder/side_effects.go:224.2,225.16 2 0
automationrecorder/side_effects.go:225.16,227.3 1 0
automationrecorder/side_effects.go:228.2,229.42 2 0
automationrecorder/side_effects.go:229.42,231.3 1 0
automationrecorder/side_effects.go:232.2,233.16 2 0
automationrecorder/side_effects.go:233.16,235.3 1 0
automationrecorder/side_effects.go:236.2,237.53 2 0
automationrecorder/side_effects.go:237.53,239.3 1 0
automationrecorder/side_effects.go:240.2,240.12 1 0
automationrecorder/side_effects.go:243.118,245.16 2 1
automationrecorder/side_effects.go:245.16,247.3 1 0
automationrecorder/side_effects.go:248.2,249.16 2 1
automationrecorder/side_effects.go:249.16,251.3 1 0
automationrecorder/side_effects.go:252.2,253.37 2 1
automationrecorder/side_effects.go:253.37,255.3 1 1
automationrecorder/side_effects.go:256.2,257.16 2 1
automationrecorder/side_effects.go:257.16,259.3 1 0
automationrecorder/side_effects.go:260.2,261.53 2 1
automationrecorder/side_effects.go:261.53,263.3 1 0
automationrecorder/side_effects.go:264.2,264.12 1 1
automationrecorder/side_effects.go:267.103,269.16 2 0
automationrecorder/side_effects.go:269.16,271.3 1 0
automationrecorder/side_effects.go:272.2,272.37 1 0
automationrecorder/side_effects.go:272.37,274.3 1 0
automationrecorder/side_effects.go:275.2,276.16 2 0
automationrecorder/side_effects.go:276.16,278.3 1 0
automationrecorder/side_effects.go:279.2,280.29 2 0
automationrecorder/side_effects.go:284.52,285.14 1 0
automationrecorder/side_effects.go:285.14,287.3 1 0
automationrecorder/side_effects.go:288.2,288.10 1 0
automationrecorder/util.go:12.33,15.2 2 1
automationrecorder/util.go:17.52,19.22 2 1
automationrecorder/util.go:19.22,21.3 1 1
automationrecorder/util.go:22.2,22.22 1 1
automationrecorder/util.go:22.22,24.3 1 1
automationrecorder/util.go:25.2,25.12 1 1
automationrecorder/util.go:28.51,30.21 2 1
automationrecorder/util.go:30.21,32.3 1 1
automationrecorder/util.go:33.2,34.10 2 1
automationrecorder/util.go:37.49,39.21 2 1
automationrecorder/util.go:39.21,41.3 1 1
automationrecorder/util.go:42.2,42.23 1 1
automationrecorder/util.go:43.15,44.18 1 1
automationrecorder/util.go:45.13,46.11 1 1
automationrecorder/util.go:47.11,48.18 1 1
automationrecorder/util.go:49.14,51.17 2 1
automationrecorder/util.go:51.17,53.4 1 1
automationrecorder/util.go:55.2,55.10 1 1
automationrecorder/util.go:58.47,60.21 2 1
automationrecorder/util.go:60.21,62.3 1 1
automationrecorder/util.go:63.2,64.10 2 1
automationrecorder/util.go:67.44,69.42 2 1
automationrecorder/util.go:69.42,71.14 2 1
automationrecorder/util.go:71.14,72.12 1 1
automationrecorder/util.go:74.3,74.16 1 1
automationrecorder/util.go:76.2,76.12 1 1
automationrecorder/util.go:79.42,81.13 2 1
automationrecorder/util.go:81.13,83.3 1 1
automationrecorder/util.go:84.2,84.11 1 1
automationrecorder/util.go:85.37,86.14 1 1
automationrecorder/util.go:87.38,88.15 1 1
automationrecorder/util.go:89.10,90.13 1 1
automationrecorder/util.go:95.39,97.13 2 1
automationrecorder/util.go:97.13,99.3 1 1
automationrecorder/util.go:100.2,101.16 2 1
automationrecorder/util.go:101.16,103.3 1 1
automationrecorder/util.go:104.2,104.10 1 1
automationrecorder/util.go:107.31,109.40 2 1
automationrecorder/util.go:109.40,111.3 1 0
automationrecorder/util.go:112.2,125.25 13 1
